2023-05-18 18:53:10 INFO  Main:21 - Начало скачек. Количество участников: 7
2023-05-18 18:55:33 INFO  Main:21 - Начало скачек. Количество участников: 7
2023-05-18 18:55:54 INFO  Main:32 - Окончание скачек. Победитель: Вишня
2023-05-18 19:01:30 INFO  Main:21 - Начало скачек. Количество участников: 7
2023-05-18 19:01:51 INFO  Main:32 - Окончание скачек. Победитель: Вишня
2023-05-18 19:02:35 INFO  Main:21 - Начало скачек. Количество участников: 7
2023-05-18 19:02:55 INFO  Main:32 - Окончание скачек. Победитель: Пегас
2023-05-18 19:08:54 DEBUG Hippodrome:24 - Создание Hippodrome, лошадей 7
2023-05-18 19:08:54 INFO  Main:21 - Начало скачек. Количество участников: 7
2023-05-18 19:09:15 INFO  Main:32 - Окончание скачек. Победитель: Вишня
2023-05-18 19:22:58 DEBUG Horse:32 - Создание Horse, имя Буцефал, скорость 2.4
2023-05-18 19:22:58 DEBUG Horse:32 - Создание Horse, имя Туз Пик, скорость 2.5
2023-05-18 19:22:58 DEBUG Horse:32 - Создание Horse, имя Зефир, скорость 2.6
2023-05-18 19:22:58 DEBUG Horse:32 - Создание Horse, имя Пожар, скорость 2.7
2023-05-18 19:22:58 DEBUG Horse:32 - Создание Horse, имя Лобстер, скорость 2.8
2023-05-18 19:22:58 DEBUG Horse:32 - Создание Horse, имя Пегас, скорость 2.9
2023-05-18 19:22:58 DEBUG Horse:32 - Создание Horse, имя Вишня, скорость 3.0
2023-05-18 19:22:58 DEBUG Hippodrome:24 - Создание Hippodrome, лошадей 7
2023-05-18 19:22:58 INFO  Main:21 - Начало скачек. Количество участников: 7
2023-05-18 19:23:18 INFO  Main:32 - Окончание скачек. Победитель: Вишня
2023-05-18 19:24:19 DEBUG Horse:32 - Создание Horse, имя [Буцефал], скорость [2.4]
2023-05-18 19:24:19 DEBUG Horse:32 - Создание Horse, имя [Туз Пик], скорость [2.5]
2023-05-18 19:24:19 DEBUG Horse:32 - Создание Horse, имя [Зефир], скорость [2.6]
2023-05-18 19:24:19 DEBUG Horse:32 - Создание Horse, имя [Пожар], скорость [2.7]
2023-05-18 19:24:19 DEBUG Horse:32 - Создание Horse, имя [Лобстер], скорость [2.8]
2023-05-18 19:24:19 DEBUG Horse:32 - Создание Horse, имя [Пегас], скорость [2.9]
2023-05-18 19:24:19 DEBUG Horse:32 - Создание Horse, имя [Вишня], скорость [3.0]
2023-05-18 19:24:19 DEBUG Hippodrome:24 - Создание Hippodrome, лошадей 7
2023-05-18 19:24:19 INFO  Main:21 - Начало скачек. Количество участников: 7
2023-05-18 19:24:40 INFO  Main:32 - Окончание скачек. Победитель: Вишня
